<2011-03-24 13:26:54> [INFO ] | RequestListenerThread : Listening on port 1337
<2011-03-24 13:27:03> [INFO ] | RequestListenerThread : Incoming connection from /192.168.178.29
<2011-03-24 13:27:03> [INFO ] | WorkerThread : New connection thread
<2011-03-24 13:27:03> [DEBUG] | HttpReqHandler : Incoming entity content (bytes): 253
<2011-03-24 13:27:03> [DEBUG] | HttpReqHandler : The content is: <node id="NODE::::5">
	<data key="timestamp">1300969627</data>
	<data key="state">VISIBLE</data>
	<data key="label">Node5</data>
	<data key="access">public</data>
	<data key="type">EVENT</data>
	<data key="x">0.0</data>
	<data key="y">0.0</data>
</node>
<2011-03-24 13:27:03> [DEBUG] | HttpReqHandler : The target: /addNode
<2011-03-24 13:27:03> [DEBUG] | HttpReqHandler : Node inserted
<2011-03-24 13:28:10> [INFO ] | RequestListenerThread : Incoming connection from /192.168.178.29
<2011-03-24 13:28:10> [INFO ] | WorkerThread : New connection thread
<2011-03-24 13:28:10> [DEBUG] | HttpReqHandler : Incoming entity content (bytes): 253
<2011-03-24 13:28:10> [DEBUG] | HttpReqHandler : The content is: <node id="NODE::::6">
	<data key="timestamp">1300969695</data>
	<data key="state">VISIBLE</data>
	<data key="label">Node6</data>
	<data key="access">public</data>
	<data key="type">EVENT</data>
	<data key="x">0.0</data>
	<data key="y">0.0</data>
</node>
<2011-03-24 13:28:10> [DEBUG] | HttpReqHandler : The target: /addNode
<2011-03-24 13:28:10> [DEBUG] | HttpReqHandler : Node inserted
